<?xml version="1.0" encoding="UTF-8"?>
<testng-results ignored="0" total="6" passed="6" failed="0" skipped="0">
  <reporter-output>
  </reporter-output>
  <suite started-at="2026-01-22T15:54:42 ICT" name="Default suite" finished-at="2026-01-22T15:54:42 ICT" duration-ms="58">
    <groups>
    </groups>
    <test started-at="2026-01-22T15:54:42 ICT" name="Default test" finished-at="2026-01-22T15:54:42 ICT" duration-ms="58">
      <class name="rectangle.RectangleTest">
        <test-method is-config="true" signature="setup()[pri:0, instance:rectangle.RectangleTest@65fb9ffc]" started-at="2026-01-22T15:54:42 ICT" name="setup" finished-at="2026-01-22T15:54:42 ICT" duration-ms="14" status="PASS">
          <reporter-output>
          </reporter-output>
        </test-method> <!-- setup -->
        <test-method signature="testAreaWithDecimalValues()[pri:0, instance:rectangle.RectangleTest@65fb9ffc]" started-at="2026-01-22T15:54:42 ICT" name="testAreaWithDecimalValues" finished-at="2026-01-22T15:54:42 ICT" duration-ms="6" status="PASS">
          <reporter-output>
          </reporter-output>
        </test-method> <!-- testAreaWithDecimalValues -->
        <test-method signature="testAreaWithZeroLength()[pri:0, instance:rectangle.RectangleTest@65fb9ffc]" started-at="2026-01-22T15:54:42 ICT" name="testAreaWithZeroLength" finished-at="2026-01-22T15:54:42 ICT" duration-ms="1" status="PASS">
          <exception class="java.lang.IllegalArgumentException">
            <message>
              <![CDATA[Chiều dài và chiều rộng phải > 0]]>
            </message>
            <full-stacktrace>
              <![CDATA[java.lang.IllegalArgumentException: Chiều dài và chiều rộng phải > 0
at rectangle.Rectangle.calculateArea(Rectangle.java:7)
at rectangle.RectangleTest.testAreaWithZeroLength(RectangleTest.java:42)
at java.base/jdk.internal.reflect.DirectMethodHandleAccessor.invoke(DirectMethodHandleAccessor.java:103)
at java.base/java.lang.reflect.Method.invoke(Method.java:580)
at org.testng.internal.invokers.MethodInvocationHelper.invokeMethod(MethodInvocationHelper.java:141)
at org.testng.internal.invokers.TestInvoker.invokeMethod(TestInvoker.java:687)
at org.testng.internal.invokers.TestInvoker.invokeTestMethod(TestInvoker.java:230)
at org.testng.internal.invokers.MethodRunner.runInSequence(MethodRunner.java:63)
at org.testng.internal.invokers.TestInvoker$MethodInvocationAgent.invoke(TestInvoker.java:995)
at org.testng.internal.invokers.TestInvoker.invokeTestMethods(TestInvoker.java:203)
at org.testng.internal.invokers.TestMethodWorker.invokeTestMethods(TestMethodWorker.java:154)
at org.testng.internal.invokers.TestMethodWorker.run(TestMethodWorker.java:134)
at java.base/java.util.ArrayList.forEach(ArrayList.java:1596)
at org.testng.TestRunner.privateRun(TestRunner.java:741)
at org.testng.TestRunner.run(TestRunner.java:616)
at org.testng.SuiteRunner.runTest(SuiteRunner.java:421)
at org.testng.SuiteRunner.runSequentially(SuiteRunner.java:413)
at org.testng.SuiteRunner.privateRun(SuiteRunner.java:373)
at org.testng.SuiteRunner.run(SuiteRunner.java:312)
at org.testng.SuiteRunnerWorker.runSuite(SuiteRunnerWorker.java:52)
at org.testng.SuiteRunnerWorker.run(SuiteRunnerWorker.java:95)
at org.testng.TestNG.runSuitesSequentially(TestNG.java:1274)
at org.testng.TestNG.runSuitesLocally(TestNG.java:1208)
at org.testng.TestNG.runSuites(TestNG.java:1112)
at org.testng.TestNG.run(TestNG.java:1079)
at org.testng.remote.AbstractRemoteTestNG.run(AbstractRemoteTestNG.java:115)
at org.testng.remote.RemoteTestNG.initAndRun(RemoteTestNG.java:293)
at org.testng.remote.RemoteTestNG.main(RemoteTestNG.java:91)
]]>
            </full-stacktrace>
          </exception> <!-- java.lang.IllegalArgumentException -->
          <reporter-output>
          </reporter-output>
        </test-method> <!-- testAreaWithZeroLength -->
        <test-method signature="testCalculateAreaValid()[pri:0, instance:rectangle.RectangleTest@65fb9ffc]" started-at="2026-01-22T15:54:42 ICT" name="testCalculateAreaValid" finished-at="2026-01-22T15:54:42 ICT" duration-ms="0" status="PASS">
          <reporter-output>
          </reporter-output>
        </test-method> <!-- testCalculateAreaValid -->
        <test-method signature="testCalculatePerimeterValid()[pri:0, instance:rectangle.RectangleTest@65fb9ffc]" started-at="2026-01-22T15:54:42 ICT" name="testCalculatePerimeterValid" finished-at="2026-01-22T15:54:42 ICT" duration-ms="1" status="PASS">
          <reporter-output>
          </reporter-output>
        </test-method> <!-- testCalculatePerimeterValid -->
        <test-method signature="testPerimeterWithDecimalValues()[pri:0, instance:rectangle.RectangleTest@65fb9ffc]" started-at="2026-01-22T15:54:42 ICT" name="testPerimeterWithDecimalValues" finished-at="2026-01-22T15:54:42 ICT" duration-ms="1" status="PASS">
          <reporter-output>
          </reporter-output>
        </test-method> <!-- testPerimeterWithDecimalValues -->
        <test-method signature="testPerimeterWithNegativeWidth()[pri:0, instance:rectangle.RectangleTest@65fb9ffc]" started-at="2026-01-22T15:54:42 ICT" name="testPerimeterWithNegativeWidth" finished-at="2026-01-22T15:54:42 ICT" duration-ms="1" status="PASS">
          <exception class="java.lang.IllegalArgumentException">
            <message>
              <![CDATA[Chiều dài và chiều rộng phải > 0]]>
            </message>
            <full-stacktrace>
              <![CDATA[java.lang.IllegalArgumentException: Chiều dài và chiều rộng phải > 0
at rectangle.Rectangle.calculatePerimeter(Rectangle.java:14)
at rectangle.RectangleTest.testPerimeterWithNegativeWidth(RectangleTest.java:47)
at java.base/jdk.internal.reflect.DirectMethodHandleAccessor.invoke(DirectMethodHandleAccessor.java:103)
at java.base/java.lang.reflect.Method.invoke(Method.java:580)
at org.testng.internal.invokers.MethodInvocationHelper.invokeMethod(MethodInvocationHelper.java:141)
at org.testng.internal.invokers.TestInvoker.invokeMethod(TestInvoker.java:687)
at org.testng.internal.invokers.TestInvoker.invokeTestMethod(TestInvoker.java:230)
at org.testng.internal.invokers.MethodRunner.runInSequence(MethodRunner.java:63)
at org.testng.internal.invokers.TestInvoker$MethodInvocationAgent.invoke(TestInvoker.java:995)
at org.testng.internal.invokers.TestInvoker.invokeTestMethods(TestInvoker.java:203)
at org.testng.internal.invokers.TestMethodWorker.invokeTestMethods(TestMethodWorker.java:154)
at org.testng.internal.invokers.TestMethodWorker.run(TestMethodWorker.java:134)
at java.base/java.util.ArrayList.forEach(ArrayList.java:1596)
at org.testng.TestRunner.privateRun(TestRunner.java:741)
at org.testng.TestRunner.run(TestRunner.java:616)
at org.testng.SuiteRunner.runTest(SuiteRunner.java:421)
at org.testng.SuiteRunner.runSequentially(SuiteRunner.java:413)
at org.testng.SuiteRunner.privateRun(SuiteRunner.java:373)
at org.testng.SuiteRunner.run(SuiteRunner.java:312)
at org.testng.SuiteRunnerWorker.runSuite(SuiteRunnerWorker.java:52)
at org.testng.SuiteRunnerWorker.run(SuiteRunnerWorker.java:95)
at org.testng.TestNG.runSuitesSequentially(TestNG.java:1274)
at org.testng.TestNG.runSuitesLocally(TestNG.java:1208)
at org.testng.TestNG.runSuites(TestNG.java:1112)
at org.testng.TestNG.run(TestNG.java:1079)
at org.testng.remote.AbstractRemoteTestNG.run(AbstractRemoteTestNG.java:115)
at org.testng.remote.RemoteTestNG.initAndRun(RemoteTestNG.java:293)
at org.testng.remote.RemoteTestNG.main(RemoteTestNG.java:91)
]]>
            </full-stacktrace>
          </exception> <!-- java.lang.IllegalArgumentException -->
          <reporter-output>
          </reporter-output>
        </test-method> <!-- testPerimeterWithNegativeWidth -->
      </class> <!-- rectangle.RectangleTest -->
    </test> <!-- Default test -->
  </suite> <!-- Default suite -->
</testng-results>
