<?xml version="1.0" encoding="UTF-8"?>
<!-- Generated by org.testng.reporters.JUnitReportReporter -->
<testsuite hostname="DESKTOP-VKT6GJR" failures="0" tests="8" name="StudentManagerTest" time="0.044" errors="0" timestamp="2026-01-22T15:23:29 ICT" skipped="0">
  <testcase classname="StudentManagerTest" name="testAddStudent_Success" time="0.028"/>
  <testcase classname="StudentManagerTest" name="testUpdateStudent_ExistingId" time="0.006"/>
  <testcase classname="StudentManagerTest" name="testDeleteStudent_NotExistingId" time="0.001"/>
  <testcase classname="StudentManagerTest" name="testFindStudentById_NotExistingId" time="0.001"/>
  <testcase classname="StudentManagerTest" name="testFindStudentById_ExistingId" time="0.001"/>
  <testcase classname="StudentManagerTest" name="testUpdateStudent_NotExistingId" time="0.002"/>
  <testcase classname="StudentManagerTest" name="testFindStudentById_IgnoreCase" time="0.002"/>
  <testcase classname="StudentManagerTest" name="testDeleteStudent_ExistingId" time="0.003"/>
</testsuite> <!-- StudentManagerTest -->
