<?xml version="1.0" encoding="UTF-8"?>
<!-- Generated by org.testng.reporters.JUnitReportReporter -->
<testsuite hostname="DESKTOP-VKT6GJR" failures="0" tests="6" name="rectangle.RectangleTest" time="0.010" errors="0" timestamp="2026-01-22T15:54:42 ICT" skipped="0">
  <testcase classname="rectangle.RectangleTest" name="testCalculatePerimeterValid" time="0.001"/>
  <testcase classname="rectangle.RectangleTest" name="testPerimeterWithDecimalValues" time="0.001"/>
  <testcase classname="rectangle.RectangleTest" name="testPerimeterWithNegativeWidth" time="0.001"/>
  <testcase classname="rectangle.RectangleTest" name="testAreaWithZeroLength" time="0.001"/>
  <testcase classname="rectangle.RectangleTest" name="testAreaWithDecimalValues" time="0.006"/>
  <testcase classname="rectangle.RectangleTest" name="testCalculateAreaValid" time="0.000"/>
</testsuite> <!-- rectangle.RectangleTest -->
